<?xml version="1.0" encoding="UTF-8"?>
<!-- Generated by org.testng.reporters.JUnitReportReporter -->
<testsuite skipped="0" hostname="SUMAILAA-IN" name="TestPackage.Class2" tests="2" failures="0" timestamp="17 Jul 2018 14:51:16 GMT" time="0.028" errors="0">
  <testcase name="g" time="0.005" classname="TestPackage.Class2"/>
  <testcase name="f" time="0.023" classname="TestPackage.Class2"/>
</testsuite> <!-- TestPackage.Class2 -->
